<?xml version="1.0" encoding="UTF-8"?>
<!-- Generated by org.testng.reporters.JUnitReportReporter -->
<testsuite hostname="KLI2971" failures="0" tests="1" name="Jenk.Project1" time="0.004" errors="0" timestamp="2023-11-19T23:18:56 IST" skipped="0">
  <testcase classname="Jenk.Project1" name="tt" time="0.004"/>
  <system-out/>
</testsuite> <!-- Jenk.Project1 -->
